Using pre-set license
Built from '2021.1/staging' branch; Version is '2021.1.3f1 (4bef613afd59) revision 4976481'; Using compiler version '192528614'; Build Type 'Release'
OS: 'Windows 10 Home; OS build 19044.1586; Version 2009; 64bit' Language: 'en' Physical Memory: 16314 MB
BatchMode: 1, IsHumanControllingUs: 0, StartBugReporterOnCrash: 0, Is64bit: 1, IsPro: 0

 COMMAND LINE ARGUMENTS:
C:\Program Files\Unity 2021.1.3f1\Editor\Unity.exe
-adb2
-batchMode
-noUpm
-name
AssetImportWorker0
-projectPath
C:/Users/minec/Documents/Natural-Selection-Simulation--Science-Fair-21-22-/ScienceFair21-22
-logFile
Logs/AssetImportWorker0.log
-srvPort
61392
Successfully changed project path to: C:/Users/minec/Documents/Natural-Selection-Simulation--Science-Fair-21-22-/ScienceFair21-22
C:/Users/minec/Documents/Natural-Selection-Simulation--Science-Fair-21-22-/ScienceFair21-22
Using Asset Import Pipeline V2.
Refreshing native plugins compatible for Editor in 104.78 ms, found 2 plugins.
Preloading 0 native plugins for Editor in 0.00 ms.
Initialize engine version: 2021.1.3f1 (4bef613afd59)
[Subsystems] Discovering subsystems at path C:/Program Files/Unity 2021.1.3f1/Editor/Data/Resources/UnitySubsystems
[Subsystems] Discovering subsystems at path C:/Users/minec/Documents/Natural-Selection-Simulation--Science-Fair-21-22-/ScienceFair21-22/Assets
GfxDevice: creating device client; threaded=0; jobified=0
Direct3D:
    Version:  Direct3D 11.0 [level 11.1]
    Renderer: NVIDIA GeForce GTX 1650 SUPER (ID=0x2187)
    Vendor:   NVIDIA
    VRAM:     3955 MB
    Driver:   30.0.15.1179
Initialize mono
Mono path[0] = 'C:/Program Files/Unity 2021.1.3f1/Editor/Data/Managed'
Mono path[1] = 'C:/Program Files/Unity 2021.1.3f1/Editor/Data/MonoBleedingEdge/lib/mono/unityjit'
Mono config path = 'C:/Program Files/Unity 2021.1.3f1/Editor/Data/MonoBleedingEdge/etc'
Using monoOptions --debugger-agent=transport=dt_socket,embedding=1,server=y,suspend=n,address=127.0.0.1:56708
Begin MonoManager ReloadAssembly
Registering precompiled unity dll's ...
Register platform support module: C:/Program Files/Unity 2021.1.3f1/Editor/Data/PlaybackEngines/WebGLSupport/UnityEditor.WebGL.Extensions.dll
Register platform support module: C:/Program Files/Unity 2021.1.3f1/Editor/Data/PlaybackEngines/WindowsStandaloneSupport/UnityEditor.WindowsStandalone.Extensions.dll
Registered in 0.004020 seconds.
Native extension for WindowsStandalone target not found
Native extension for WebGL target not found
Refreshing native plugins compatible for Editor in 126.61 ms, found 2 plugins.
Preloading 0 native plugins for Editor in 0.00 ms.
Mono: successfully reloaded assembly
- Completed reload, in  1.691 seconds
Platform modules already initialized, skipping
Registering precompiled user dll's ...
Registered in 0.004972 seconds.
Begin MonoManager ReloadAssembly
Native extension for WindowsStandalone target not found
Native extension for WebGL target not found
Refreshing native plugins compatible for Editor in 113.49 ms, found 2 plugins.
Preloading 0 native plugins for Editor in 0.00 ms.
Mono: successfully reloaded assembly
- Completed reload, in  1.440 seconds
Platform modules already initialized, skipping
========================================================================
Worker process is ready to serve import requests
Launched and connected shader compiler UnityShaderCompiler.exe after 0.06 seconds
Refreshing native plugins compatible for Editor in 0.67 ms, found 2 plugins.
Preloading 0 native plugins for Editor in 0.00 ms.
Unloading 3388 Unused Serialized files (Serialized files now loaded: 0)
System memory in use before: 129.8 MB.
System memory in use after: 129.9 MB.

Unloading 29 unused Assets to reduce memory usage. Loaded Objects now: 3842.
Total: 3.062400 ms (FindLiveObjects: 0.478500 ms CreateObjectMapping: 0.131200 ms MarkObjects: 2.318300 ms  DeleteObjects: 0.132400 ms)

========================================================================
Received Import Request.
  path: Assets/Scripts/HermaphroditeCreature.cs
  artifactKey: Guid(e829198367c12ff47a7fc0d62ad82705) Importer(815301076,1909f56bfc062723c751e8b465ee728b)
Start importing Assets/Scripts/HermaphroditeCreature.cs using Guid(e829198367c12ff47a7fc0d62ad82705) Importer(815301076,1909f56bfc062723c751e8b465ee728b)  -> (artifact id: '0e5d3b1f3262a77cc8575b9c89afeb09') in 0.031299 seconds 
========================================================================
Received Import Request.
  Time since last request: 81.181619 seconds.
  path: Assets/Scripts/HermaphroditeCreature.cs
  artifactKey: Guid(e829198367c12ff47a7fc0d62ad82705) Importer(815301076,1909f56bfc062723c751e8b465ee728b)
Start importing Assets/Scripts/HermaphroditeCreature.cs using Guid(e829198367c12ff47a7fc0d62ad82705) Importer(815301076,1909f56bfc062723c751e8b465ee728b)  -> (artifact id: 'a8fe44abd6d6b6683c81eb2cbd1445ce') in 0.003124 seconds 
========================================================================
Received Prepare
Registering precompiled user dll's ...
Registered in 0.004707 seconds.
Begin MonoManager ReloadAssembly
Native extension for WindowsStandalone target not found
Native extension for WebGL target not found
Refreshing native plugins compatible for Editor in 0.64 ms, found 2 plugins.
Preloading 0 native plugins for Editor in 0.00 ms.
Mono: successfully reloaded assembly
- Completed reload, in  1.131 seconds
Platform modules already initialized, skipping
Refreshing native plugins compatible for Editor in 0.65 ms, found 2 plugins.
Preloading 0 native plugins for Editor in 0.00 ms.
Unloading 3383 Unused Serialized files (Serialized files now loaded: 0)
System memory in use before: 129.8 MB.
System memory in use after: 129.9 MB.

Unloading 17 unused Assets to reduce memory usage. Loaded Objects now: 3846.
Total: 2.448600 ms (FindLiveObjects: 0.294300 ms CreateObjectMapping: 0.089900 ms MarkObjects: 1.964500 ms  DeleteObjects: 0.098700 ms)

========================================================================
Received Prepare
Registering precompiled user dll's ...
Registered in 0.004667 seconds.
Begin MonoManager ReloadAssembly
Native extension for WindowsStandalone target not found
Native extension for WebGL target not found
Refreshing native plugins compatible for Editor in 0.65 ms, found 2 plugins.
Preloading 0 native plugins for Editor in 0.00 ms.
Mono: successfully reloaded assembly
- Completed reload, in  1.135 seconds
Platform modules already initialized, skipping
Refreshing native plugins compatible for Editor in 0.66 ms, found 2 plugins.
Preloading 0 native plugins for Editor in 0.00 ms.
Unloading 3383 Unused Serialized files (Serialized files now loaded: 0)
System memory in use before: 129.9 MB.
System memory in use after: 130.0 MB.

Unloading 17 unused Assets to reduce memory usage. Loaded Objects now: 3850.
Total: 2.449800 ms (FindLiveObjects: 0.300800 ms CreateObjectMapping: 0.086400 ms MarkObjects: 1.961000 ms  DeleteObjects: 0.100600 ms)

========================================================================
Received Prepare
Registering precompiled user dll's ...
Registered in 0.004775 seconds.
Begin MonoManager ReloadAssembly
Native extension for WindowsStandalone target not found
Native extension for WebGL target not found
Refreshing native plugins compatible for Editor in 0.75 ms, found 2 plugins.
Preloading 0 native plugins for Editor in 0.00 ms.
Mono: successfully reloaded assembly
- Completed reload, in  1.182 seconds
Platform modules already initialized, skipping
Refreshing native plugins compatible for Editor in 0.77 ms, found 2 plugins.
Preloading 0 native plugins for Editor in 0.00 ms.
Unloading 3383 Unused Serialized files (Serialized files now loaded: 0)
System memory in use before: 129.9 MB.
System memory in use after: 130.0 MB.

Unloading 17 unused Assets to reduce memory usage. Loaded Objects now: 3854.
Total: 3.223700 ms (FindLiveObjects: 0.413800 ms CreateObjectMapping: 0.148000 ms MarkObjects: 2.552300 ms  DeleteObjects: 0.108000 ms)

========================================================================
Received Prepare
Registering precompiled user dll's ...
Registered in 0.004796 seconds.
Begin MonoManager ReloadAssembly
Native extension for WindowsStandalone target not found
Native extension for WebGL target not found
Refreshing native plugins compatible for Editor in 0.64 ms, found 2 plugins.
Preloading 0 native plugins for Editor in 0.00 ms.
Mono: successfully reloaded assembly
- Completed reload, in  1.099 seconds
Platform modules already initialized, skipping
Refreshing native plugins compatible for Editor in 0.71 ms, found 2 plugins.
Preloading 0 native plugins for Editor in 0.00 ms.
Unloading 3383 Unused Serialized files (Serialized files now loaded: 0)
System memory in use before: 129.9 MB.
System memory in use after: 130.0 MB.

Unloading 17 unused Assets to reduce memory usage. Loaded Objects now: 3858.
Total: 2.679300 ms (FindLiveObjects: 0.291700 ms CreateObjectMapping: 0.091000 ms MarkObjects: 2.189900 ms  DeleteObjects: 0.105500 ms)

========================================================================
Received Prepare
Registering precompiled user dll's ...
Registered in 0.004793 seconds.
Begin MonoManager ReloadAssembly
Native extension for WindowsStandalone target not found
Native extension for WebGL target not found
Refreshing native plugins compatible for Editor in 0.71 ms, found 2 plugins.
Preloading 0 native plugins for Editor in 0.00 ms.
Mono: successfully reloaded assembly
- Completed reload, in  1.117 seconds
Platform modules already initialized, skipping
Refreshing native plugins compatible for Editor in 0.71 ms, found 2 plugins.
Preloading 0 native plugins for Editor in 0.00 ms.
Unloading 3383 Unused Serialized files (Serialized files now loaded: 0)
System memory in use before: 129.9 MB.
System memory in use after: 130.0 MB.

Unloading 17 unused Assets to reduce memory usage. Loaded Objects now: 3862.
Total: 2.542500 ms (FindLiveObjects: 0.294900 ms CreateObjectMapping: 0.086500 ms MarkObjects: 2.052300 ms  DeleteObjects: 0.107900 ms)

========================================================================
Received Import Request.
  Time since last request: 390.629152 seconds.
  path: Assets/CreaturePrefabs/HermaphroditePredator.prefab
  artifactKey: Guid(041cb1631bd4e4e48be2d4827964dcf8) Importer(815301076,1909f56bfc062723c751e8b465ee728b)
Start importing Assets/CreaturePrefabs/HermaphroditePredator.prefab using Guid(041cb1631bd4e4e48be2d4827964dcf8) Importer(815301076,1909f56bfc062723c751e8b465ee728b)  -> (artifact id: 'e9acd9473452fd1f80ef01aa3171c752') in 0.097368 seconds 
========================================================================
Received Import Request.
  Time since last request: 16.345466 seconds.
  path: Assets/CreaturePrefabs/SexualPredatorFemale.prefab
  artifactKey: Guid(56fb923cc8131e042988ed7e2b74361a) Importer(815301076,1909f56bfc062723c751e8b465ee728b)
Start importing Assets/CreaturePrefabs/SexualPredatorFemale.prefab using Guid(56fb923cc8131e042988ed7e2b74361a) Importer(815301076,1909f56bfc062723c751e8b465ee728b)  -> (artifact id: '25810734c63ad58aa26e524e43ff50dd') in 0.012083 seconds 
========================================================================
Received Import Request.
  Time since last request: 6.313968 seconds.
  path: Assets/CreaturePrefabs/SexualPredatorMale.prefab
  artifactKey: Guid(0b5b3b6162965f34f99dacf81bf553fc) Importer(815301076,1909f56bfc062723c751e8b465ee728b)
Start importing Assets/CreaturePrefabs/SexualPredatorMale.prefab using Guid(0b5b3b6162965f34f99dacf81bf553fc) Importer(815301076,1909f56bfc062723c751e8b465ee728b)  -> (artifact id: '198bb48b3b398291c8571323ddb124bb') in 0.010188 seconds 
========================================================================
Received Import Request.
  Time since last request: 9.236138 seconds.
  path: Assets/CreaturePrefabs/AsexualPredator.prefab
  artifactKey: Guid(2a91db5d0b3584f46ad25b78e4feda59) Importer(815301076,1909f56bfc062723c751e8b465ee728b)
Start importing Assets/CreaturePrefabs/AsexualPredator.prefab using Guid(2a91db5d0b3584f46ad25b78e4feda59) Importer(815301076,1909f56bfc062723c751e8b465ee728b)  -> (artifact id: '40f607e322c6ae843263d9d8b79442b0') in 0.011787 seconds 
========================================================================
Received Prepare
Registering precompiled user dll's ...
Registered in 0.004704 seconds.
Begin MonoManager ReloadAssembly
Native extension for WindowsStandalone target not found
Native extension for WebGL target not found
Refreshing native plugins compatible for Editor in 0.67 ms, found 2 plugins.
Preloading 0 native plugins for Editor in 0.00 ms.
Mono: successfully reloaded assembly
- Completed reload, in  1.120 seconds
Platform modules already initialized, skipping
Refreshing native plugins compatible for Editor in 0.66 ms, found 2 plugins.
Preloading 0 native plugins for Editor in 0.00 ms.
Unloading 3383 Unused Serialized files (Serialized files now loaded: 0)
System memory in use before: 133.5 MB.
System memory in use after: 133.6 MB.

Unloading 17 unused Assets to reduce memory usage. Loaded Objects now: 3873.
Total: 2.495300 ms (FindLiveObjects: 0.293500 ms CreateObjectMapping: 0.090900 ms MarkObjects: 2.008100 ms  DeleteObjects: 0.101600 ms)

========================================================================
Received Prepare
Registering precompiled user dll's ...
Registered in 0.005007 seconds.
Begin MonoManager ReloadAssembly
Native extension for WindowsStandalone target not found
Native extension for WebGL target not found
Refreshing native plugins compatible for Editor in 0.64 ms, found 2 plugins.
Preloading 0 native plugins for Editor in 0.00 ms.
Mono: successfully reloaded assembly
- Completed reload, in  1.129 seconds
Platform modules already initialized, skipping
Refreshing native plugins compatible for Editor in 0.73 ms, found 2 plugins.
Preloading 0 native plugins for Editor in 0.00 ms.
Unloading 3383 Unused Serialized files (Serialized files now loaded: 0)
System memory in use before: 133.6 MB.
System memory in use after: 133.7 MB.

Unloading 17 unused Assets to reduce memory usage. Loaded Objects now: 3877.
Total: 2.848200 ms (FindLiveObjects: 0.300200 ms CreateObjectMapping: 0.094100 ms MarkObjects: 2.348300 ms  DeleteObjects: 0.104500 ms)

========================================================================
Received Prepare
Registering precompiled user dll's ...
Registered in 0.004706 seconds.
Begin MonoManager ReloadAssembly
Native extension for WindowsStandalone target not found
Native extension for WebGL target not found
Refreshing native plugins compatible for Editor in 0.93 ms, found 2 plugins.
Preloading 0 native plugins for Editor in 0.00 ms.
Mono: successfully reloaded assembly
- Completed reload, in  1.092 seconds
Platform modules already initialized, skipping
Refreshing native plugins compatible for Editor in 0.65 ms, found 2 plugins.
Preloading 0 native plugins for Editor in 0.00 ms.
Unloading 3383 Unused Serialized files (Serialized files now loaded: 0)
System memory in use before: 133.6 MB.
System memory in use after: 133.7 MB.

Unloading 17 unused Assets to reduce memory usage. Loaded Objects now: 3881.
Total: 3.215600 ms (FindLiveObjects: 0.352000 ms CreateObjectMapping: 0.117100 ms MarkObjects: 2.625500 ms  DeleteObjects: 0.119800 ms)

========================================================================
Received Prepare
Refreshing native plugins compatible for Editor in 4.24 ms, found 2 plugins.
Preloading 0 native plugins for Editor in 0.00 ms.
Unloading 15 Unused Serialized files (Serialized files now loaded: 0)
System memory in use before: 65.7 MB.
System memory in use after: 65.8 MB.

Unloading 15 unused Assets to reduce memory usage. Loaded Objects now: 3881.
Total: 2.522200 ms (FindLiveObjects: 0.318600 ms CreateObjectMapping: 0.087800 ms MarkObjects: 2.008200 ms  DeleteObjects: 0.106700 ms)

========================================================================
Received Prepare
Refreshing native plugins compatible for Editor in 4.21 ms, found 2 plugins.
Preloading 0 native plugins for Editor in 0.00 ms.
Unloading 15 Unused Serialized files (Serialized files now loaded: 0)
System memory in use before: 65.7 MB.
System memory in use after: 65.8 MB.

Unloading 15 unused Assets to reduce memory usage. Loaded Objects now: 3881.
Total: 2.617500 ms (FindLiveObjects: 0.285800 ms CreateObjectMapping: 0.089400 ms MarkObjects: 2.122300 ms  DeleteObjects: 0.118800 ms)

========================================================================
Received Import Request.
  Time since last request: 1784.005305 seconds.
  path: Assets/CreaturePrefabs/AsexualPredator.prefab
  artifactKey: Guid(2a91db5d0b3584f46ad25b78e4feda59) Importer(815301076,1909f56bfc062723c751e8b465ee728b)
Start importing Assets/CreaturePrefabs/AsexualPredator.prefab using Guid(2a91db5d0b3584f46ad25b78e4feda59) Importer(815301076,1909f56bfc062723c751e8b465ee728b)  -> (artifact id: 'ffc9fe3a90368c1329c98dd10776480b') in 0.070404 seconds 
========================================================================
Received Import Request.
  Time since last request: 4.760485 seconds.
  path: Assets/CreaturePrefabs/HermaphroditePredator.prefab
  artifactKey: Guid(041cb1631bd4e4e48be2d4827964dcf8) Importer(815301076,1909f56bfc062723c751e8b465ee728b)
Start importing Assets/CreaturePrefabs/HermaphroditePredator.prefab using Guid(041cb1631bd4e4e48be2d4827964dcf8) Importer(815301076,1909f56bfc062723c751e8b465ee728b)  -> (artifact id: 'db88e490b5bf44bf835ec213391ffc01') in 0.024670 seconds 
========================================================================
Received Import Request.
  Time since last request: 8.785836 seconds.
  path: Assets/CreaturePrefabs/SexualPredatorFemale.prefab
  artifactKey: Guid(56fb923cc8131e042988ed7e2b74361a) Importer(815301076,1909f56bfc062723c751e8b465ee728b)
Start importing Assets/CreaturePrefabs/SexualPredatorFemale.prefab using Guid(56fb923cc8131e042988ed7e2b74361a) Importer(815301076,1909f56bfc062723c751e8b465ee728b)  -> (artifact id: 'a107381d78cfc35bfaca4e75b9fe2cc5') in 0.017388 seconds 
========================================================================
Received Import Request.
  Time since last request: 10.291635 seconds.
  path: Assets/CreaturePrefabs/SexualPredatorMale.prefab
  artifactKey: Guid(0b5b3b6162965f34f99dacf81bf553fc) Importer(815301076,1909f56bfc062723c751e8b465ee728b)
Start importing Assets/CreaturePrefabs/SexualPredatorMale.prefab using Guid(0b5b3b6162965f34f99dacf81bf553fc) Importer(815301076,1909f56bfc062723c751e8b465ee728b)  -> (artifact id: 'e8291d33b81a2d12cc9aa5f1f964419d') in 0.010983 seconds 
========================================================================
Received Prepare
Refreshing native plugins compatible for Editor in 4.20 ms, found 2 plugins.
Preloading 0 native plugins for Editor in 0.00 ms.
Unloading 15 Unused Serialized files (Serialized files now loaded: 0)
System memory in use before: 66.1 MB.
System memory in use after: 66.2 MB.

Unloading 15 unused Assets to reduce memory usage. Loaded Objects now: 3882.
Total: 3.213500 ms (FindLiveObjects: 0.302300 ms CreateObjectMapping: 0.087600 ms MarkObjects: 2.712000 ms  DeleteObjects: 0.110600 ms)

========================================================================
Received Prepare
Registering precompiled user dll's ...
Registered in 0.004689 seconds.
Begin MonoManager ReloadAssembly
Native extension for WindowsStandalone target not found
Native extension for WebGL target not found
Refreshing native plugins compatible for Editor in 0.65 ms, found 2 plugins.
Preloading 0 native plugins for Editor in 0.00 ms.
Mono: successfully reloaded assembly
- Completed reload, in  1.116 seconds
Platform modules already initialized, skipping
Refreshing native plugins compatible for Editor in 0.73 ms, found 2 plugins.
Preloading 0 native plugins for Editor in 0.00 ms.
Unloading 3383 Unused Serialized files (Serialized files now loaded: 0)
System memory in use before: 133.6 MB.
System memory in use after: 133.7 MB.

Unloading 17 unused Assets to reduce memory usage. Loaded Objects now: 3886.
Total: 2.557600 ms (FindLiveObjects: 0.302700 ms CreateObjectMapping: 0.087900 ms MarkObjects: 2.063300 ms  DeleteObjects: 0.102500 ms)

========================================================================
Received Prepare
Registering precompiled user dll's ...
Registered in 0.004935 seconds.
Begin MonoManager ReloadAssembly
Native extension for WindowsStandalone target not found
Native extension for WebGL target not found
Refreshing native plugins compatible for Editor in 0.73 ms, found 2 plugins.
Preloading 0 native plugins for Editor in 0.00 ms.
Mono: successfully reloaded assembly
- Completed reload, in  1.210 seconds
Platform modules already initialized, skipping
Refreshing native plugins compatible for Editor in 0.74 ms, found 2 plugins.
Preloading 0 native plugins for Editor in 0.00 ms.
Unloading 3383 Unused Serialized files (Serialized files now loaded: 0)
System memory in use before: 133.6 MB.
System memory in use after: 133.7 MB.

Unloading 17 unused Assets to reduce memory usage. Loaded Objects now: 3890.
Total: 3.802100 ms (FindLiveObjects: 0.394100 ms CreateObjectMapping: 0.117800 ms MarkObjects: 3.147200 ms  DeleteObjects: 0.141000 ms)

========================================================================
Received Prepare
Registering precompiled user dll's ...
Registered in 0.004649 seconds.
Begin MonoManager ReloadAssembly
Native extension for WindowsStandalone target not found
Native extension for WebGL target not found
Refreshing native plugins compatible for Editor in 0.66 ms, found 2 plugins.
Preloading 0 native plugins for Editor in 0.00 ms.
Mono: successfully reloaded assembly
- Completed reload, in  1.141 seconds
Platform modules already initialized, skipping
Refreshing native plugins compatible for Editor in 0.71 ms, found 2 plugins.
Preloading 0 native plugins for Editor in 0.00 ms.
Unloading 3383 Unused Serialized files (Serialized files now loaded: 0)
System memory in use before: 133.6 MB.
System memory in use after: 133.7 MB.

Unloading 17 unused Assets to reduce memory usage. Loaded Objects now: 3894.
Total: 2.755000 ms (FindLiveObjects: 0.344800 ms CreateObjectMapping: 0.092900 ms MarkObjects: 2.205000 ms  DeleteObjects: 0.110900 ms)

========================================================================
Received Prepare
Registering precompiled user dll's ...
Registered in 0.004706 seconds.
Begin MonoManager ReloadAssembly
Native extension for WindowsStandalone target not found
Native extension for WebGL target not found
Refreshing native plugins compatible for Editor in 0.64 ms, found 2 plugins.
Preloading 0 native plugins for Editor in 0.00 ms.
Mono: successfully reloaded assembly
- Completed reload, in  1.119 seconds
Platform modules already initialized, skipping
Refreshing native plugins compatible for Editor in 0.94 ms, found 2 plugins.
Preloading 0 native plugins for Editor in 0.00 ms.
Unloading 3383 Unused Serialized files (Serialized files now loaded: 0)
System memory in use before: 133.6 MB.
System memory in use after: 133.7 MB.

Unloading 17 unused Assets to reduce memory usage. Loaded Objects now: 3898.
Total: 2.521900 ms (FindLiveObjects: 0.296800 ms CreateObjectMapping: 0.089300 ms MarkObjects: 2.032800 ms  DeleteObjects: 0.102100 ms)

========================================================================
Received Prepare
Registering precompiled user dll's ...
Registered in 0.004690 seconds.
Begin MonoManager ReloadAssembly
Native extension for WindowsStandalone target not found
Native extension for WebGL target not found
Refreshing native plugins compatible for Editor in 0.65 ms, found 2 plugins.
Preloading 0 native plugins for Editor in 0.00 ms.
Mono: successfully reloaded assembly
- Completed reload, in  1.104 seconds
Platform modules already initialized, skipping
Refreshing native plugins compatible for Editor in 1.02 ms, found 2 plugins.
Preloading 0 native plugins for Editor in 0.00 ms.
Unloading 3383 Unused Serialized files (Serialized files now loaded: 0)
System memory in use before: 133.6 MB.
System memory in use after: 133.7 MB.

Unloading 17 unused Assets to reduce memory usage. Loaded Objects now: 3902.
Total: 2.535800 ms (FindLiveObjects: 0.281100 ms CreateObjectMapping: 0.085600 ms MarkObjects: 2.052900 ms  DeleteObjects: 0.114700 ms)

========================================================================
Received Prepare
Registering precompiled user dll's ...
Registered in 0.004892 seconds.
Begin MonoManager ReloadAssembly
Native extension for WindowsStandalone target not found
Native extension for WebGL target not found
Refreshing native plugins compatible for Editor in 0.68 ms, found 2 plugins.
Preloading 0 native plugins for Editor in 0.00 ms.
Mono: successfully reloaded assembly
- Completed reload, in  1.135 seconds
Platform modules already initialized, skipping
Refreshing native plugins compatible for Editor in 0.65 ms, found 2 plugins.
Preloading 0 native plugins for Editor in 0.00 ms.
Unloading 3383 Unused Serialized files (Serialized files now loaded: 0)
System memory in use before: 133.6 MB.
System memory in use after: 133.7 MB.

Unloading 17 unused Assets to reduce memory usage. Loaded Objects now: 3906.
Total: 2.580400 ms (FindLiveObjects: 0.388200 ms CreateObjectMapping: 0.092000 ms MarkObjects: 1.997800 ms  DeleteObjects: 0.101600 ms)

========================================================================
Received Import Request.
  Time since last request: 992.094699 seconds.
  path: Assets/CIAFGCGCHF
  artifactKey: Guid(23724711b9bf3014bb863ffb6a87afe0) Importer(815301076,1909f56bfc062723c751e8b465ee728b)
Start importing Assets/CIAFGCGCHF using Guid(23724711b9bf3014bb863ffb6a87afe0) Importer(815301076,1909f56bfc062723c751e8b465ee728b)  -> (artifact id: '776a326cf54c61b8f223a1f414570eb2') in 0.008721 seconds 
========================================================================
Received Import Request.
  Time since last request: 3.141239 seconds.
  path: Assets/HAFDEFFDFI
  artifactKey: Guid(2f1fd431f614947499f2c318a106238b) Importer(815301076,1909f56bfc062723c751e8b465ee728b)
Start importing Assets/HAFDEFFDFI using Guid(2f1fd431f614947499f2c318a106238b) Importer(815301076,1909f56bfc062723c751e8b465ee728b)  -> (artifact id: 'd8c0071e26b7a1e7bfad38e284ce455d') in 0.003319 seconds 
========================================================================
Received Import Request.
  Time since last request: 2.383637 seconds.
  path: Assets/TestEnergy2
  artifactKey: Guid(2d0f534c63af027428fa88e64c8ac20c) Importer(815301076,1909f56bfc062723c751e8b465ee728b)
Start importing Assets/TestEnergy2 using Guid(2d0f534c63af027428fa88e64c8ac20c) Importer(815301076,1909f56bfc062723c751e8b465ee728b)  -> (artifact id: '501f4d6b93057b7ed47d93bdf9a9f923') in 0.003357 seconds 
========================================================================
Received Import Request.
  Time since last request: 7.609670 seconds.
  path: Assets/EnergyTest
  artifactKey: Guid(622db6649a444a34abdf292f8431bfd2) Importer(815301076,1909f56bfc062723c751e8b465ee728b)
Start importing Assets/EnergyTest using Guid(622db6649a444a34abdf292f8431bfd2) Importer(815301076,1909f56bfc062723c751e8b465ee728b)  -> (artifact id: '9996a323ac9ce6686ce3475a3931adea') in 0.004347 seconds 
========================================================================
Received Import Request.
  Time since last request: 3.406130 seconds.
  path: Assets/EDDHEGJABJ
  artifactKey: Guid(4d0d17199eb82d645ad20ffb11152ccc) Importer(815301076,1909f56bfc062723c751e8b465ee728b)
Start importing Assets/EDDHEGJABJ using Guid(4d0d17199eb82d645ad20ffb11152ccc) Importer(815301076,1909f56bfc062723c751e8b465ee728b)  -> (artifact id: '580de7c10562c36e87633dbd21850a4b') in 0.003559 seconds 
========================================================================
Received Prepare
Registering precompiled user dll's ...
Registered in 0.005063 seconds.
Begin MonoManager ReloadAssembly
Native extension for WindowsStandalone target not found
Native extension for WebGL target not found
Refreshing native plugins compatible for Editor in 0.72 ms, found 2 plugins.
Preloading 0 native plugins for Editor in 0.00 ms.
Mono: successfully reloaded assembly
- Completed reload, in  1.149 seconds
Platform modules already initialized, skipping
Refreshing native plugins compatible for Editor in 0.64 ms, found 2 plugins.
Preloading 0 native plugins for Editor in 0.00 ms.
Unloading 3383 Unused Serialized files (Serialized files now loaded: 0)
System memory in use before: 133.6 MB.
System memory in use after: 133.7 MB.

Unloading 17 unused Assets to reduce memory usage. Loaded Objects now: 3910.
Total: 2.871600 ms (FindLiveObjects: 0.288900 ms CreateObjectMapping: 0.084500 ms MarkObjects: 2.379100 ms  DeleteObjects: 0.117700 ms)

========================================================================
Received Prepare
Registering precompiled user dll's ...
Registered in 0.004763 seconds.
Begin MonoManager ReloadAssembly
Native extension for WindowsStandalone target not found
Native extension for WebGL target not found
Refreshing native plugins compatible for Editor in 0.96 ms, found 2 plugins.
Preloading 0 native plugins for Editor in 0.00 ms.
Mono: successfully reloaded assembly
- Completed reload, in  1.183 seconds
Platform modules already initialized, skipping
Refreshing native plugins compatible for Editor in 0.93 ms, found 2 plugins.
Preloading 0 native plugins for Editor in 0.00 ms.
Unloading 3383 Unused Serialized files (Serialized files now loaded: 0)
System memory in use before: 133.6 MB.
System memory in use after: 133.7 MB.

Unloading 17 unused Assets to reduce memory usage. Loaded Objects now: 3914.
Total: 2.568700 ms (FindLiveObjects: 0.319300 ms CreateObjectMapping: 0.088000 ms MarkObjects: 2.056900 ms  DeleteObjects: 0.103400 ms)

========================================================================
Received Prepare
Registering precompiled user dll's ...
Registered in 0.004816 seconds.
Begin MonoManager ReloadAssembly
Native extension for WindowsStandalone target not found
Native extension for WebGL target not found
Refreshing native plugins compatible for Editor in 0.79 ms, found 2 plugins.
Preloading 0 native plugins for Editor in 0.00 ms.
Mono: successfully reloaded assembly
- Completed reload, in  1.105 seconds
Platform modules already initialized, skipping
Refreshing native plugins compatible for Editor in 0.66 ms, found 2 plugins.
Preloading 0 native plugins for Editor in 0.00 ms.
Unloading 3383 Unused Serialized files (Serialized files now loaded: 0)
System memory in use before: 133.7 MB.
System memory in use after: 133.8 MB.

Unloading 17 unused Assets to reduce memory usage. Loaded Objects now: 3918.
Total: 2.708900 ms (FindLiveObjects: 0.286200 ms CreateObjectMapping: 0.090600 ms MarkObjects: 2.223500 ms  DeleteObjects: 0.107700 ms)

========================================================================
Received Prepare
Registering precompiled user dll's ...
Registered in 0.004845 seconds.
Begin MonoManager ReloadAssembly
Native extension for WindowsStandalone target not found
Native extension for WebGL target not found
Refreshing native plugins compatible for Editor in 0.67 ms, found 2 plugins.
Preloading 0 native plugins for Editor in 0.00 ms.
Mono: successfully reloaded assembly
- Completed reload, in  1.180 seconds
Platform modules already initialized, skipping
Refreshing native plugins compatible for Editor in 0.65 ms, found 2 plugins.
Preloading 0 native plugins for Editor in 0.00 ms.
Unloading 3383 Unused Serialized files (Serialized files now loaded: 0)
System memory in use before: 133.7 MB.
System memory in use after: 133.8 MB.

Unloading 17 unused Assets to reduce memory usage. Loaded Objects now: 3922.
Total: 2.894200 ms (FindLiveObjects: 0.314100 ms CreateObjectMapping: 0.090600 ms MarkObjects: 2.376200 ms  DeleteObjects: 0.111800 ms)

========================================================================
Received Prepare
Registering precompiled user dll's ...
Registered in 0.004812 seconds.
Begin MonoManager ReloadAssembly
Native extension for WindowsStandalone target not found
Native extension for WebGL target not found
Refreshing native plugins compatible for Editor in 0.65 ms, found 2 plugins.
Preloading 0 native plugins for Editor in 0.00 ms.
Mono: successfully reloaded assembly
- Completed reload, in  1.107 seconds
Platform modules already initialized, skipping
Refreshing native plugins compatible for Editor in 0.66 ms, found 2 plugins.
Preloading 0 native plugins for Editor in 0.00 ms.
Unloading 3383 Unused Serialized files (Serialized files now loaded: 0)
System memory in use before: 133.7 MB.
System memory in use after: 133.8 MB.

Unloading 17 unused Assets to reduce memory usage. Loaded Objects now: 3926.
Total: 2.589500 ms (FindLiveObjects: 0.286400 ms CreateObjectMapping: 0.087500 ms MarkObjects: 2.109800 ms  DeleteObjects: 0.104900 ms)

========================================================================
Received Prepare
Registering precompiled user dll's ...
Registered in 0.005048 seconds.
Begin MonoManager ReloadAssembly
Native extension for WindowsStandalone target not found
Native extension for WebGL target not found
Refreshing native plugins compatible for Editor in 0.66 ms, found 2 plugins.
Preloading 0 native plugins for Editor in 0.00 ms.
Mono: successfully reloaded assembly
- Completed reload, in  1.159 seconds
Platform modules already initialized, skipping
Refreshing native plugins compatible for Editor in 0.65 ms, found 2 plugins.
Preloading 0 native plugins for Editor in 0.00 ms.
Unloading 3383 Unused Serialized files (Serialized files now loaded: 0)
System memory in use before: 133.7 MB.
System memory in use after: 133.8 MB.

Unloading 17 unused Assets to reduce memory usage. Loaded Objects now: 3930.
Total: 2.747300 ms (FindLiveObjects: 0.285000 ms CreateObjectMapping: 0.087700 ms MarkObjects: 2.252300 ms  DeleteObjects: 0.121100 ms)

========================================================================
Received Prepare
Registering precompiled user dll's ...
Registered in 0.005048 seconds.
Begin MonoManager ReloadAssembly
Native extension for WindowsStandalone target not found
Native extension for WebGL target not found
Refreshing native plugins compatible for Editor in 0.64 ms, found 2 plugins.
Preloading 0 native plugins for Editor in 0.00 ms.
Mono: successfully reloaded assembly
- Completed reload, in  1.089 seconds
Platform modules already initialized, skipping
Refreshing native plugins compatible for Editor in 0.64 ms, found 2 plugins.
Preloading 0 native plugins for Editor in 0.00 ms.
Unloading 3383 Unused Serialized files (Serialized files now loaded: 0)
System memory in use before: 133.7 MB.
System memory in use after: 133.8 MB.

Unloading 17 unused Assets to reduce memory usage. Loaded Objects now: 3934.
Total: 2.712500 ms (FindLiveObjects: 0.314000 ms CreateObjectMapping: 0.092700 ms MarkObjects: 2.200300 ms  DeleteObjects: 0.104300 ms)

========================================================================
Received Prepare
Registering precompiled user dll's ...
Registered in 0.005475 seconds.
Begin MonoManager ReloadAssembly
Native extension for WindowsStandalone target not found
Native extension for WebGL target not found
Refreshing native plugins compatible for Editor in 0.72 ms, found 2 plugins.
Preloading 0 native plugins for Editor in 0.00 ms.
Mono: successfully reloaded assembly
- Completed reload, in  1.099 seconds
Platform modules already initialized, skipping
Refreshing native plugins compatible for Editor in 0.64 ms, found 2 plugins.
Preloading 0 native plugins for Editor in 0.00 ms.
Unloading 3383 Unused Serialized files (Serialized files now loaded: 0)
System memory in use before: 133.7 MB.
System memory in use after: 133.8 MB.

Unloading 17 unused Assets to reduce memory usage. Loaded Objects now: 3938.
Total: 2.745400 ms (FindLiveObjects: 0.298800 ms CreateObjectMapping: 0.103300 ms MarkObjects: 2.235400 ms  DeleteObjects: 0.106400 ms)

========================================================================
Received Prepare
Registering precompiled user dll's ...
Registered in 0.004752 seconds.
Begin MonoManager ReloadAssembly
Native extension for WindowsStandalone target not found
Native extension for WebGL target not found
Refreshing native plugins compatible for Editor in 0.67 ms, found 2 plugins.
Preloading 0 native plugins for Editor in 0.00 ms.
Mono: successfully reloaded assembly
- Completed reload, in  1.177 seconds
Platform modules already initialized, skipping
Refreshing native plugins compatible for Editor in 0.87 ms, found 2 plugins.
Preloading 0 native plugins for Editor in 0.00 ms.
Unloading 3383 Unused Serialized files (Serialized files now loaded: 0)
System memory in use before: 133.7 MB.
System memory in use after: 133.8 MB.

Unloading 17 unused Assets to reduce memory usage. Loaded Objects now: 3942.
Total: 2.831100 ms (FindLiveObjects: 0.425800 ms CreateObjectMapping: 0.135600 ms MarkObjects: 2.157800 ms  DeleteObjects: 0.110500 ms)

========================================================================
Received Import Request.
  Time since last request: 1265.152652 seconds.
  path: Assets/CreaturePrefabs/AsexualCreature.prefab
  artifactKey: Guid(22fbae950136fa64f9b50a6fe5c45836) Importer(815301076,1909f56bfc062723c751e8b465ee728b)
Start importing Assets/CreaturePrefabs/AsexualCreature.prefab using Guid(22fbae950136fa64f9b50a6fe5c45836) Importer(815301076,1909f56bfc062723c751e8b465ee728b)  -> (artifact id: '2e7185492dfbf304586023103f17d906') in 0.061141 seconds 
========================================================================
Received Prepare
Registering precompiled user dll's ...
Registered in 0.004707 seconds.
Begin MonoManager ReloadAssembly
Native extension for WindowsStandalone target not found
Native extension for WebGL target not found
Refreshing native plugins compatible for Editor in 0.72 ms, found 2 plugins.
Preloading 0 native plugins for Editor in 0.00 ms.
Mono: successfully reloaded assembly
- Completed reload, in  1.180 seconds
Platform modules already initialized, skipping
Refreshing native plugins compatible for Editor in 0.73 ms, found 2 plugins.
Preloading 0 native plugins for Editor in 0.00 ms.
Unloading 3383 Unused Serialized files (Serialized files now loaded: 0)
System memory in use before: 133.7 MB.
System memory in use after: 133.8 MB.

Unloading 17 unused Assets to reduce memory usage. Loaded Objects now: 3947.
Total: 2.460800 ms (FindLiveObjects: 0.285400 ms CreateObjectMapping: 0.085300 ms MarkObjects: 1.985400 ms  DeleteObjects: 0.103600 ms)

========================================================================
Received Prepare
Registering precompiled user dll's ...
Registered in 0.004841 seconds.
Begin MonoManager ReloadAssembly
Native extension for WindowsStandalone target not found
Native extension for WebGL target not found
Refreshing native plugins compatible for Editor in 0.95 ms, found 2 plugins.
Preloading 0 native plugins for Editor in 0.00 ms.
Mono: successfully reloaded assembly
- Completed reload, in  1.146 seconds
Platform modules already initialized, skipping
Refreshing native plugins compatible for Editor in 0.66 ms, found 2 plugins.
Preloading 0 native plugins for Editor in 0.00 ms.
Unloading 3383 Unused Serialized files (Serialized files now loaded: 0)
System memory in use before: 133.7 MB.
System memory in use after: 133.8 MB.

Unloading 17 unused Assets to reduce memory usage. Loaded Objects now: 3951.
Total: 3.185100 ms (FindLiveObjects: 0.313600 ms CreateObjectMapping: 0.090800 ms MarkObjects: 2.657400 ms  DeleteObjects: 0.121800 ms)

========================================================================
Received Prepare
Registering precompiled user dll's ...
Registered in 0.005396 seconds.
Begin MonoManager ReloadAssembly
Native extension for WindowsStandalone target not found
Native extension for WebGL target not found
Refreshing native plugins compatible for Editor in 0.65 ms, found 2 plugins.
Preloading 0 native plugins for Editor in 0.00 ms.
Mono: successfully reloaded assembly
- Completed reload, in  1.118 seconds
Platform modules already initialized, skipping
Refreshing native plugins compatible for Editor in 0.68 ms, found 2 plugins.
Preloading 0 native plugins for Editor in 0.00 ms.
Unloading 3383 Unused Serialized files (Serialized files now loaded: 0)
System memory in use before: 133.7 MB.
System memory in use after: 133.8 MB.

Unloading 17 unused Assets to reduce memory usage. Loaded Objects now: 3955.
Total: 2.557200 ms (FindLiveObjects: 0.309500 ms CreateObjectMapping: 0.095700 ms MarkObjects: 2.047100 ms  DeleteObjects: 0.103900 ms)

========================================================================
Received Prepare
Registering precompiled user dll's ...
Registered in 0.004914 seconds.
Begin MonoManager ReloadAssembly
Native extension for WindowsStandalone target not found
Native extension for WebGL target not found
Refreshing native plugins compatible for Editor in 0.65 ms, found 2 plugins.
Preloading 0 native plugins for Editor in 0.00 ms.
Mono: successfully reloaded assembly
- Completed reload, in  1.099 seconds
Platform modules already initialized, skipping
Refreshing native plugins compatible for Editor in 0.64 ms, found 2 plugins.
Preloading 0 native plugins for Editor in 0.00 ms.
Unloading 3383 Unused Serialized files (Serialized files now loaded: 0)
System memory in use before: 133.7 MB.
System memory in use after: 133.8 MB.

Unloading 17 unused Assets to reduce memory usage. Loaded Objects now: 3959.
Total: 2.505000 ms (FindLiveObjects: 0.301500 ms CreateObjectMapping: 0.090500 ms MarkObjects: 2.010200 ms  DeleteObjects: 0.101800 ms)

========================================================================
Received Prepare
Registering precompiled user dll's ...
Registered in 0.004805 seconds.
Begin MonoManager ReloadAssembly
Native extension for WindowsStandalone target not found
Native extension for WebGL target not found
Refreshing native plugins compatible for Editor in 0.70 ms, found 2 plugins.
Preloading 0 native plugins for Editor in 0.00 ms.
Mono: successfully reloaded assembly
- Completed reload, in  1.182 seconds
Platform modules already initialized, skipping
Refreshing native plugins compatible for Editor in 0.65 ms, found 2 plugins.
Preloading 0 native plugins for Editor in 0.00 ms.
Unloading 3383 Unused Serialized files (Serialized files now loaded: 0)
System memory in use before: 133.7 MB.
System memory in use after: 133.8 MB.

Unloading 17 unused Assets to reduce memory usage. Loaded Objects now: 3963.
Total: 3.121700 ms (FindLiveObjects: 0.527900 ms CreateObjectMapping: 0.191300 ms MarkObjects: 2.293800 ms  DeleteObjects: 0.107100 ms)

========================================================================
Received Prepare
Refreshing native plugins compatible for Editor in 4.22 ms, found 2 plugins.
Preloading 0 native plugins for Editor in 0.00 ms.
Unloading 15 Unused Serialized files (Serialized files now loaded: 0)
System memory in use before: 65.9 MB.
System memory in use after: 66.0 MB.

Unloading 15 unused Assets to reduce memory usage. Loaded Objects now: 3963.
Total: 2.526000 ms (FindLiveObjects: 0.312500 ms CreateObjectMapping: 0.091200 ms MarkObjects: 2.010500 ms  DeleteObjects: 0.110800 ms)

========================================================================
Received Import Request.
  Time since last request: 697.369191 seconds.
  path: Assets/GDJFICCIAI
  artifactKey: Guid(b1a7d7ac0bb13a24b9dbf9c6016f294c) Importer(815301076,1909f56bfc062723c751e8b465ee728b)
Start importing Assets/GDJFICCIAI using Guid(b1a7d7ac0bb13a24b9dbf9c6016f294c) Importer(815301076,1909f56bfc062723c751e8b465ee728b)  -> (artifact id: '88746ced89fadf26070974592c95fc1f') in 0.004084 seconds 
========================================================================
Received Import Request.
  Time since last request: 62.704405 seconds.
  path: Assets/CreaturePrefabs/AsexualCreature.prefab
  artifactKey: Guid(22fbae950136fa64f9b50a6fe5c45836) Importer(815301076,1909f56bfc062723c751e8b465ee728b)
Start importing Assets/CreaturePrefabs/AsexualCreature.prefab using Guid(22fbae950136fa64f9b50a6fe5c45836) Importer(815301076,1909f56bfc062723c751e8b465ee728b)  -> (artifact id: '996523d9f9c35583a03e482c7bd93465') in 0.056727 seconds 
========================================================================
Received Prepare
Refreshing native plugins compatible for Editor in 4.43 ms, found 2 plugins.
Preloading 0 native plugins for Editor in 0.00 ms.
Unloading 15 Unused Serialized files (Serialized files now loaded: 0)
System memory in use before: 66.0 MB.
System memory in use after: 66.1 MB.

Unloading 15 unused Assets to reduce memory usage. Loaded Objects now: 3964.
Total: 2.928900 ms (FindLiveObjects: 0.290300 ms CreateObjectMapping: 0.092500 ms MarkObjects: 2.439400 ms  DeleteObjects: 0.105800 ms)

========================================================================
Received Import Request.
  Time since last request: 740.797365 seconds.
  path: Assets/CreaturePrefabs/HermaphroditePredator.prefab
  artifactKey: Guid(041cb1631bd4e4e48be2d4827964dcf8) Importer(815301076,1909f56bfc062723c751e8b465ee728b)
Start importing Assets/CreaturePrefabs/HermaphroditePredator.prefab using Guid(041cb1631bd4e4e48be2d4827964dcf8) Importer(815301076,1909f56bfc062723c751e8b465ee728b)  -> (artifact id: 'f035b906fdf0435651047087d8517315') in 0.020670 seconds 
========================================================================
Received Import Request.
  Time since last request: 19.561866 seconds.
  path: Assets/CreaturePrefabs/SexualPredatorFemale.prefab
  artifactKey: Guid(56fb923cc8131e042988ed7e2b74361a) Importer(815301076,1909f56bfc062723c751e8b465ee728b)
Start importing Assets/CreaturePrefabs/SexualPredatorFemale.prefab using Guid(56fb923cc8131e042988ed7e2b74361a) Importer(815301076,1909f56bfc062723c751e8b465ee728b)  -> (artifact id: 'b2c804c40b5bdd66aa3c2f9373e10f3b') in 0.012918 seconds 
========================================================================
Received Import Request.
  Time since last request: 9.497912 seconds.
  path: Assets/CreaturePrefabs/SexualPredatorMale.prefab
  artifactKey: Guid(0b5b3b6162965f34f99dacf81bf553fc) Importer(815301076,1909f56bfc062723c751e8b465ee728b)
Start importing Assets/CreaturePrefabs/SexualPredatorMale.prefab using Guid(0b5b3b6162965f34f99dacf81bf553fc) Importer(815301076,1909f56bfc062723c751e8b465ee728b)  -> (artifact id: 'aed4d5dc9087eb46f8816453a717a398') in 0.012318 seconds 
========================================================================
Received Import Request.
  Time since last request: 9.331743 seconds.
  path: Assets/CreaturePrefabs/AsexualPredator.prefab
  artifactKey: Guid(2a91db5d0b3584f46ad25b78e4feda59) Importer(815301076,1909f56bfc062723c751e8b465ee728b)
Start importing Assets/CreaturePrefabs/AsexualPredator.prefab using Guid(2a91db5d0b3584f46ad25b78e4feda59) Importer(815301076,1909f56bfc062723c751e8b465ee728b)  -> (artifact id: '3824daceefc99edb85fe31b187091af5') in 0.010331 seconds 
========================================================================
Received Prepare
Refreshing native plugins compatible for Editor in 4.39 ms, found 2 plugins.
Preloading 0 native plugins for Editor in 0.00 ms.
Unloading 15 Unused Serialized files (Serialized files now loaded: 0)
System memory in use before: 66.3 MB.
System memory in use after: 66.4 MB.

Unloading 15 unused Assets to reduce memory usage. Loaded Objects now: 3964.
Total: 3.461300 ms (FindLiveObjects: 0.606100 ms CreateObjectMapping: 0.088500 ms MarkObjects: 2.659900 ms  DeleteObjects: 0.105900 ms)

========================================================================
Received Prepare
Registering precompiled user dll's ...
Registered in 0.004783 seconds.
Begin MonoManager ReloadAssembly
Native extension for WindowsStandalone target not found
Native extension for WebGL target not found
Refreshing native plugins compatible for Editor in 0.96 ms, found 2 plugins.
Preloading 0 native plugins for Editor in 0.00 ms.
Mono: successfully reloaded assembly
- Completed reload, in  1.177 seconds
Platform modules already initialized, skipping
Refreshing native plugins compatible for Editor in 0.66 ms, found 2 plugins.
Preloading 0 native plugins for Editor in 0.00 ms.
Unloading 3383 Unused Serialized files (Serialized files now loaded: 0)
System memory in use before: 133.8 MB.
System memory in use after: 133.9 MB.

Unloading 17 unused Assets to reduce memory usage. Loaded Objects now: 3968.
Total: 2.586900 ms (FindLiveObjects: 0.324100 ms CreateObjectMapping: 0.091900 ms MarkObjects: 2.065700 ms  DeleteObjects: 0.104000 ms)

========================================================================
Received Prepare
Refreshing native plugins compatible for Editor in 4.52 ms, found 2 plugins.
Preloading 0 native plugins for Editor in 0.00 ms.
Unloading 15 Unused Serialized files (Serialized files now loaded: 0)
System memory in use before: 65.9 MB.
System memory in use after: 66.0 MB.

Unloading 15 unused Assets to reduce memory usage. Loaded Objects now: 3968.
Total: 3.142500 ms (FindLiveObjects: 0.334900 ms CreateObjectMapping: 0.087700 ms MarkObjects: 2.598100 ms  DeleteObjects: 0.120700 ms)

========================================================================
Received Import Request.
  Time since last request: 1542.753665 seconds.
  path: Assets/CreaturePrefabs/AsexualCreature.prefab
  artifactKey: Guid(22fbae950136fa64f9b50a6fe5c45836) Importer(815301076,1909f56bfc062723c751e8b465ee728b)
Start importing Assets/CreaturePrefabs/AsexualCreature.prefab using Guid(22fbae950136fa64f9b50a6fe5c45836) Importer(815301076,1909f56bfc062723c751e8b465ee728b)  -> (artifact id: 'ce61008cced582069f9c65a6835cb429') in 0.078273 seconds 
========================================================================
Received Import Request.
  Time since last request: 2.457105 seconds.
  path: Assets/CreaturePrefabs/Hermaphrodite.prefab
  artifactKey: Guid(d072405eba0b25f4d87a1f49a06699ed) Importer(815301076,1909f56bfc062723c751e8b465ee728b)
Start importing Assets/CreaturePrefabs/Hermaphrodite.prefab using Guid(d072405eba0b25f4d87a1f49a06699ed) Importer(815301076,1909f56bfc062723c751e8b465ee728b)  -> (artifact id: '6cc05216c325254a9091f6bb34be9f60') in 0.010350 seconds 
========================================================================
Received Import Request.
  Time since last request: 2.223441 seconds.
  path: Assets/CreaturePrefabs/SexualFemale.prefab
  artifactKey: Guid(b53faa4f3cc6ebd47a64f2e9e12adbf4) Importer(815301076,1909f56bfc062723c751e8b465ee728b)
Start importing Assets/CreaturePrefabs/SexualFemale.prefab using Guid(b53faa4f3cc6ebd47a64f2e9e12adbf4) Importer(815301076,1909f56bfc062723c751e8b465ee728b)  -> (artifact id: 'd08dff2b4cc010f812b3a78f62137713') in 0.013004 seconds 
========================================================================
Received Import Request.
  Time since last request: 2.442111 seconds.
  path: Assets/CreaturePrefabs/SexualMale.prefab
  artifactKey: Guid(69206f0874b23624bb73e8c72ade5701) Importer(815301076,1909f56bfc062723c751e8b465ee728b)
Start importing Assets/CreaturePrefabs/SexualMale.prefab using Guid(69206f0874b23624bb73e8c72ade5701) Importer(815301076,1909f56bfc062723c751e8b465ee728b)  -> (artifact id: '14a0dd11d9a69f053190771a00ef0be3') in 0.010652 seconds 
========================================================================
Received Import Request.
  Time since last request: 12.917555 seconds.
  path: Assets/CreaturePrefabs/SexualPredatorFemale.prefab
  artifactKey: Guid(56fb923cc8131e042988ed7e2b74361a) Importer(815301076,1909f56bfc062723c751e8b465ee728b)
Start importing Assets/CreaturePrefabs/SexualPredatorFemale.prefab using Guid(56fb923cc8131e042988ed7e2b74361a) Importer(815301076,1909f56bfc062723c751e8b465ee728b)  -> (artifact id: '98da518c6b056c88cb6e788ec37c905b') in 0.011897 seconds 
========================================================================
Received Import Request.
  Time since last request: 2.729446 seconds.
  path: Assets/CreaturePrefabs/SexualPredatorMale.prefab
  artifactKey: Guid(0b5b3b6162965f34f99dacf81bf553fc) Importer(815301076,1909f56bfc062723c751e8b465ee728b)
Start importing Assets/CreaturePrefabs/SexualPredatorMale.prefab using Guid(0b5b3b6162965f34f99dacf81bf553fc) Importer(815301076,1909f56bfc062723c751e8b465ee728b)  -> (artifact id: '379466a45599ade489336d01dd4d2458') in 0.011533 seconds 
========================================================================
Received Prepare
Refreshing native plugins compatible for Editor in 4.28 ms, found 2 plugins.
Preloading 0 native plugins for Editor in 0.00 ms.
Unloading 15 Unused Serialized files (Serialized files now loaded: 0)
System memory in use before: 66.4 MB.
System memory in use after: 66.5 MB.

Unloading 15 unused Assets to reduce memory usage. Loaded Objects now: 3969.
Total: 2.927600 ms (FindLiveObjects: 0.282500 ms CreateObjectMapping: 0.085900 ms MarkObjects: 2.454500 ms  DeleteObjects: 0.103700 ms)

========================================================================
Received Prepare
Registering precompiled user dll's ...
Registered in 0.004765 seconds.
Begin MonoManager ReloadAssembly
Native extension for WindowsStandalone target not found
Native extension for WebGL target not found
Refreshing native plugins compatible for Editor in 0.75 ms, found 2 plugins.
Preloading 0 native plugins for Editor in 0.00 ms.
Mono: successfully reloaded assembly
- Completed reload, in  1.134 seconds
Platform modules already initialized, skipping
Refreshing native plugins compatible for Editor in 0.65 ms, found 2 plugins.
Preloading 0 native plugins for Editor in 0.00 ms.
Unloading 3383 Unused Serialized files (Serialized files now loaded: 0)
System memory in use before: 133.8 MB.
System memory in use after: 133.9 MB.

Unloading 17 unused Assets to reduce memory usage. Loaded Objects now: 3973.
Total: 2.535800 ms (FindLiveObjects: 0.315600 ms CreateObjectMapping: 0.089000 ms MarkObjects: 2.026300 ms  DeleteObjects: 0.104000 ms)

========================================================================
Received Import Request.
  Time since last request: 995.373504 seconds.
  path: Assets/HBHEHIGICC/predators
  artifactKey: Guid(cb82fe7fc275af2418964c087c796855) Importer(815301076,1909f56bfc062723c751e8b465ee728b)
Start importing Assets/HBHEHIGICC/predators using Guid(cb82fe7fc275af2418964c087c796855) Importer(815301076,1909f56bfc062723c751e8b465ee728b)  -> (artifact id: '1887da1ffb926cb8b75b03ab5d59c0bb') in 0.008464 seconds 
========================================================================
Received Prepare
Registering precompiled user dll's ...
Registered in 0.004777 seconds.
Begin MonoManager ReloadAssembly
Native extension for WindowsStandalone target not found
Native extension for WebGL target not found
Refreshing native plugins compatible for Editor in 0.66 ms, found 2 plugins.
Preloading 0 native plugins for Editor in 0.00 ms.
Mono: successfully reloaded assembly
- Completed reload, in  1.247 seconds
Platform modules already initialized, skipping
Refreshing native plugins compatible for Editor in 1.10 ms, found 2 plugins.
Preloading 0 native plugins for Editor in 0.00 ms.
Unloading 3383 Unused Serialized files (Serialized files now loaded: 0)
System memory in use before: 133.8 MB.
System memory in use after: 133.9 MB.

Unloading 17 unused Assets to reduce memory usage. Loaded Objects now: 3977.
Total: 2.927100 ms (FindLiveObjects: 0.414600 ms CreateObjectMapping: 0.100400 ms MarkObjects: 2.298100 ms  DeleteObjects: 0.112600 ms)

========================================================================
Received Prepare
Registering precompiled user dll's ...
Registered in 0.004761 seconds.
Begin MonoManager ReloadAssembly
Native extension for WindowsStandalone target not found
Native extension for WebGL target not found
Refreshing native plugins compatible for Editor in 1.15 ms, found 2 plugins.
Preloading 0 native plugins for Editor in 0.00 ms.
Mono: successfully reloaded assembly
- Completed reload, in  1.194 seconds
Platform modules already initialized, skipping
Refreshing native plugins compatible for Editor in 1.10 ms, found 2 plugins.
Preloading 0 native plugins for Editor in 0.00 ms.
Unloading 3383 Unused Serialized files (Serialized files now loaded: 0)
System memory in use before: 133.8 MB.
System memory in use after: 133.9 MB.

Unloading 17 unused Assets to reduce memory usage. Loaded Objects now: 3981.
Total: 3.366200 ms (FindLiveObjects: 0.464800 ms CreateObjectMapping: 0.135600 ms MarkObjects: 2.632800 ms  DeleteObjects: 0.131500 ms)

========================================================================
Received Prepare
Registering precompiled user dll's ...
Registered in 0.004795 seconds.
Begin MonoManager ReloadAssembly
Native extension for WindowsStandalone target not found
Native extension for WebGL target not found
Refreshing native plugins compatible for Editor in 1.02 ms, found 2 plugins.
Preloading 0 native plugins for Editor in 0.00 ms.
Mono: successfully reloaded assembly
- Completed reload, in  1.172 seconds
Platform modules already initialized, skipping
Refreshing native plugins compatible for Editor in 1.09 ms, found 2 plugins.
Preloading 0 native plugins for Editor in 0.00 ms.
Unloading 3383 Unused Serialized files (Serialized files now loaded: 0)
System memory in use before: 133.8 MB.
System memory in use after: 133.9 MB.

Unloading 17 unused Assets to reduce memory usage. Loaded Objects now: 3985.
Total: 2.760500 ms (FindLiveObjects: 0.336900 ms CreateObjectMapping: 0.090600 ms MarkObjects: 2.222900 ms  DeleteObjects: 0.108800 ms)

========================================================================
Received Prepare
Registering precompiled user dll's ...
Registered in 0.004662 seconds.
Begin MonoManager ReloadAssembly
Native extension for WindowsStandalone target not found
Native extension for WebGL target not found
Refreshing native plugins compatible for Editor in 0.70 ms, found 2 plugins.
Preloading 0 native plugins for Editor in 0.00 ms.
Mono: successfully reloaded assembly
- Completed reload, in  1.160 seconds
Platform modules already initialized, skipping
Refreshing native plugins compatible for Editor in 0.67 ms, found 2 plugins.
Preloading 0 native plugins for Editor in 0.00 ms.
Unloading 3383 Unused Serialized files (Serialized files now loaded: 0)
System memory in use before: 133.8 MB.
System memory in use after: 133.9 MB.

Unloading 17 unused Assets to reduce memory usage. Loaded Objects now: 3989.
Total: 2.933400 ms (FindLiveObjects: 0.343300 ms CreateObjectMapping: 0.098400 ms MarkObjects: 2.377100 ms  DeleteObjects: 0.113400 ms)

========================================================================
Received Prepare
Registering precompiled user dll's ...
Registered in 0.004757 seconds.
Begin MonoManager ReloadAssembly
Native extension for WindowsStandalone target not found
Native extension for WebGL target not found
Refreshing native plugins compatible for Editor in 0.65 ms, found 2 plugins.
Preloading 0 native plugins for Editor in 0.00 ms.
Mono: successfully reloaded assembly
- Completed reload, in  1.090 seconds
Platform modules already initialized, skipping
Refreshing native plugins compatible for Editor in 0.73 ms, found 2 plugins.
Preloading 0 native plugins for Editor in 0.00 ms.
Unloading 3383 Unused Serialized files (Serialized files now loaded: 0)
System memory in use before: 133.8 MB.
System memory in use after: 133.9 MB.

Unloading 17 unused Assets to reduce memory usage. Loaded Objects now: 3993.
Total: 2.723500 ms (FindLiveObjects: 0.311700 ms CreateObjectMapping: 0.090100 ms MarkObjects: 2.209700 ms  DeleteObjects: 0.110900 ms)

========================================================================
Received Prepare
Registering precompiled user dll's ...
Registered in 0.004746 seconds.
Begin MonoManager ReloadAssembly
Native extension for WindowsStandalone target not found
Native extension for WebGL target not found
Refreshing native plugins compatible for Editor in 0.69 ms, found 2 plugins.
Preloading 0 native plugins for Editor in 0.00 ms.
Mono: successfully reloaded assembly
- Completed reload, in  1.136 seconds
Platform modules already initialized, skipping
Refreshing native plugins compatible for Editor in 1.04 ms, found 2 plugins.
Preloading 0 native plugins for Editor in 0.00 ms.
Unloading 3383 Unused Serialized files (Serialized files now loaded: 0)
System memory in use before: 133.8 MB.
System memory in use after: 133.9 MB.

Unloading 17 unused Assets to reduce memory usage. Loaded Objects now: 3997.
Total: 3.396600 ms (FindLiveObjects: 0.585200 ms CreateObjectMapping: 0.194400 ms MarkObjects: 2.506200 ms  DeleteObjects: 0.109100 ms)

========================================================================
Received Prepare
Registering precompiled user dll's ...
Registered in 0.005028 seconds.
Begin MonoManager ReloadAssembly
Native extension for WindowsStandalone target not found
Native extension for WebGL target not found
Refreshing native plugins compatible for Editor in 0.66 ms, found 2 plugins.
Preloading 0 native plugins for Editor in 0.00 ms.
Mono: successfully reloaded assembly
- Completed reload, in  1.147 seconds
Platform modules already initialized, skipping
Refreshing native plugins compatible for Editor in 0.67 ms, found 2 plugins.
Preloading 0 native plugins for Editor in 0.00 ms.
Unloading 3383 Unused Serialized files (Serialized files now loaded: 0)
System memory in use before: 133.8 MB.
System memory in use after: 133.9 MB.

Unloading 17 unused Assets to reduce memory usage. Loaded Objects now: 4001.
Total: 2.605100 ms (FindLiveObjects: 0.306100 ms CreateObjectMapping: 0.090100 ms MarkObjects: 2.099900 ms  DeleteObjects: 0.108100 ms)

========================================================================
Received Import Request.
  Time since last request: 2644.345958 seconds.
  path: Assets/FGJBFHCDCG
  artifactKey: Guid(db09c0f0f8cb8bc45919fd52f17beddd) Importer(815301076,1909f56bfc062723c751e8b465ee728b)
Start importing Assets/FGJBFHCDCG using Guid(db09c0f0f8cb8bc45919fd52f17beddd) Importer(815301076,1909f56bfc062723c751e8b465ee728b)  -> (artifact id: '312156a390cd6b289e818ee50d3a5325') in 0.010178 seconds 
========================================================================
Received Prepare
Refreshing native plugins compatible for Editor in 4.26 ms, found 2 plugins.
Preloading 0 native plugins for Editor in 0.00 ms.
Unloading 15 Unused Serialized files (Serialized files now loaded: 0)
System memory in use before: 66.0 MB.
System memory in use after: 66.1 MB.

Unloading 15 unused Assets to reduce memory usage. Loaded Objects now: 4001.
Total: 2.713000 ms (FindLiveObjects: 0.308900 ms CreateObjectMapping: 0.097400 ms MarkObjects: 2.195400 ms  DeleteObjects: 0.110000 ms)

========================================================================
Received Prepare
Registering precompiled user dll's ...
Registered in 0.005316 seconds.
Begin MonoManager ReloadAssembly
Native extension for WindowsStandalone target not found
Native extension for WebGL target not found
Refreshing native plugins compatible for Editor in 0.64 ms, found 2 plugins.
Preloading 0 native plugins for Editor in 0.00 ms.
Mono: successfully reloaded assembly
- Completed reload, in  1.111 seconds
Platform modules already initialized, skipping
Refreshing native plugins compatible for Editor in 1.00 ms, found 2 plugins.
Preloading 0 native plugins for Editor in 0.00 ms.
Unloading 3383 Unused Serialized files (Serialized files now loaded: 0)
System memory in use before: 133.8 MB.
System memory in use after: 133.9 MB.

Unloading 17 unused Assets to reduce memory usage. Loaded Objects now: 4005.
Total: 2.576300 ms (FindLiveObjects: 0.301800 ms CreateObjectMapping: 0.092000 ms MarkObjects: 2.079300 ms  DeleteObjects: 0.102200 ms)

========================================================================
Received Prepare
Refreshing native plugins compatible for Editor in 4.39 ms, found 2 plugins.
Preloading 0 native plugins for Editor in 0.00 ms.
Unloading 15 Unused Serialized files (Serialized files now loaded: 0)
System memory in use before: 66.0 MB.
System memory in use after: 66.1 MB.

Unloading 15 unused Assets to reduce memory usage. Loaded Objects now: 4005.
Total: 2.743200 ms (FindLiveObjects: 0.343900 ms CreateObjectMapping: 0.092800 ms MarkObjects: 2.190100 ms  DeleteObjects: 0.115100 ms)

AssetImportWorkerClient::OnTransportError - code=2 error=End of file
